{
  "RSpec": {
    "coverage": {
      "F:/Qi's Rails/DailyRoute/app/models/user.rb": [
        1,
        null,
        1,
        null,
        1,
        1,
        1,
        1,
        null,
        1,
        1,
        null,
        1,
        0,
        null,
        null,
        1,
        8,
        null,
        null,
        1,
        null,
        1,
        0,
        null,
        null
      ],
      "F:/Qi's Rails/DailyRoute/app/models/step.rb": [
        1,
        null,
        null,
        1,
        null,
        1,
        null,
        62,
        null,
        1,
        1,
        null,
        1,
        1,
        null,
        null
      ],
      "F:/Qi's Rails/DailyRoute/app/models/route.rb": [
        1,
        null,
        10,
        null,
        1,
        1,
        null,
        71,
        null,
        1,
        1,
        1,
        null,
        null,
        1,
        0,
        0,
        0,
        0,
        0,
        0,
        null,
        null
      ]
    },
    "timestamp": 1397810038
  }
}
